[debug] [2022-09-13T08:38:43.577Z] ----------------------------------------------------------------------
[debug] [2022-09-13T08:38:43.581Z] Command:       C:\Program Files\nodejs\node.exe C:\Users\jbcm5\AppData\Roaming\npm\node_modules\firebase-tools\lib\bin\firebase.js init
[debug] [2022-09-13T08:38:43.582Z] CLI Version:   11.9.0
[debug] [2022-09-13T08:38:43.582Z] Platform:      win32
[debug] [2022-09-13T08:38:43.582Z] Node Version:  v16.16.0
[debug] [2022-09-13T08:38:43.584Z] Time:          Tue Sep 13 2022 03:38:43 GMT-0500 (hora estándar de Colombia)
[debug] [2022-09-13T08:38:43.584Z] ----------------------------------------------------------------------
[debug] 
[debug] [2022-09-13T08:38:43.590Z] >>> [apiv2][query] GET https://firebase-public.firebaseio.com/cli.json [none]
[debug] [2022-09-13T08:38:43.630Z] > command requires scopes: ["email","openid","https://www.googleapis.com/auth/cloudplatformprojects.readonly","https://www.googleapis.com/auth/firebase","https://www.googleapis.com/auth/cloud-platform"]
[debug] [2022-09-13T08:38:43.631Z] > authorizing via signed-in user (jbcm1152@gmail.com)
[info] 
     ######## #### ########  ######## ########     ###     ######  ########
     ##        ##  ##     ## ##       ##     ##  ##   ##  ##       ##
     ######    ##  ########  ######   ########  #########  ######  ######
     ##        ##  ##    ##  ##       ##     ## ##     ##       ## ##
     ##       #### ##     ## ######## ########  ##     ##  ######  ########

You're about to initialize a Firebase project in this directory:

  C:\Users\jbcm5\Desktop\starqfood-ec-v1

[debug] [2022-09-13T08:38:43.989Z] <<< [apiv2][status] GET https://firebase-public.firebaseio.com/cli.json 200
[debug] [2022-09-13T08:38:43.990Z] <<< [apiv2][body] GET https://firebase-public.firebaseio.com/cli.json {"cloudBuildErrorAfter":1594252800000,"cloudBuildWarnAfter":1590019200000,"defaultNode10After":1594252800000,"minVersion":"3.0.5","node8DeploysDisabledAfter":1613390400000,"node8RuntimeDisabledAfter":1615809600000,"node8WarnAfter":1600128000000}
